#
# There is insufficient memory for the Java Runtime Environment to continue.
# Native memory allocation (mmap) failed to map 268435456 bytes for G1 virtual space
# Possible reasons:
#   The system is out of physical RAM or swap space
#   The process is running with CompressedOops enabled, and the Java Heap may be blocking the growth of the native heap
# Possible solutions:
#   Reduce memory load on the system
#   Increase physical memory or swap space
#   Check if swap backing store is full
#   Decrease Java heap size (-Xmx/-Xms)
#   Decrease number of Java threads
#   Decrease Java thread stack sizes (-Xss)
#   Set larger code cache with -XX:ReservedCodeCacheSize=
#   JVM is running with Zero Based Compressed Oops mode in which the Java heap is
#     placed in the first 32GB address space. The Java Heap base address is the
#     maximum limit for the native heap growth. Please use -XX:HeapBaseMinAddress
#     to set the Java Heap base and to place the Java Heap above 32GB virtual address.
# This output file may be truncated or incomplete.
#
#  Out of Memory Error (os_windows.cpp:3535), pid=21904, tid=12452
#
# JRE version:  (17.0.4+11) (build )
# Java VM: Java HotSpot(TM) 64-Bit Server VM (17.0.4+11-LTS-179, mixed mode, sharing, tiered, compressed oops, compressed class ptrs, g1 gc, windows-amd64)
# No core dump will be written. Minidumps are not enabled by default on client versions of Windows
#

---------------  S U M M A R Y ------------

Command Line: -Dfile.encoding=UTF-8 -Duser.country=RU -Duser.language=ru -Duser.variant Pomodoro.PomodoroGame

Host: Intel(R) Core(TM) i5-3470 CPU @ 3.20GHz, 4 cores, 15G,  Windows 10 , 64 bit Build 19041 (10.0.19041.292)
Time: Sat Jul 30 23:59:07 2022 RTZ 2 (s 10 , 64 bit Build 19041 (10.0.19041.292) elapsed time: 0.013590 seconds (0d 0h 0m 0s)

---------------  T H R E A D  ---------------

Current thread (0x00000260b1dac650):  JavaThread "Unknown thread" [_thread_in_vm, id=12452, stack(0x0000008cfd100000,0x0000008cfd200000)]

Stack: [0x0000008cfd100000,0x0000008cfd200000]
Native frames: (J=compiled Java code, j=interpreted, Vv=VM code, C=native code)
V  [jvm.dll+0x6723da]
V  [jvm.dll+0x7d1f74]
V  [jvm.dll+0x7d371e]
V  [jvm.dll+0x7d3d83]
V  [jvm.dll+0x242ed5]
V  [jvm.dll+0x66f2f9]
V  [jvm.dll+0x663c42]
V  [jvm.dll+0x30103b]
V  [jvm.dll+0x3085d6]
V  [jvm.dll+0x35844e]
V  [jvm.dll+0x35867f]
V  [jvm.dll+0x2d8258]
V  [jvm.dll+0x2d91c4]
V  [jvm.dll+0x7a3a51]
V  [jvm.dll+0x3662a1]
V  [jvm.dll+0x782dcc]
V  [jvm.dll+0x3e8bff]
V  [jvm.dll+0x3ea6a1]
C  [jli.dll+0x527b]
C  [ucrtbase.dll+0x21542]
C  [KERNEL32.DLL+0x16fd4]
C  [ntdll.dll+0x4cec1]


---------------  P R O C E S S  ---------------

Threads class SMR info:
_java_thread_list=0x00007ff99ee1a858, length=0, elements={
}

Java Threads: ( => current thread )

Other Threads:
  0x00000260b1e183c0 GCTaskThread "GC Thread#0" [stack: 0x0000008cfd200000,0x0000008cfd300000] [id=21264]
  0x00000260b1e2a250 ConcurrentGCThread "G1 Main Marker" [stack: 0x0000008cfd300000,0x0000008cfd400000] [id=21964]
  0x00000260b1e2b400 ConcurrentGCThread "G1 Conc#0" [stack: 0x0000008cfd400000,0x0000008cfd500000] [id=21436]

[error occurred during error reporting (printing all threads), id 0xc0000005, EXCEPTION_ACCESS_VIOLATION (0xc0000005) at pc=0x00007ff99e668c47]

VM state: not at safepoint (not fully initialized)

VM Mutex/Monitor currently owned by a thread:  ([mutex/lock_event])
[0x00000260b1da72b0] Heap_lock - owner thread: 0x00000260b1dac650

Heap address: 0x0000000700c00000, size: 4084 MB, Compressed Oops mode: Zero based, Oop shift amount: 3

CDS archive(s) mapped at: [0x0000000000000000-0x0000000000000000-0x0000000000000000), size 0, SharedBaseAddress: 0x0000000800000000, ArchiveRelocationMode: 0.
Narrow klass base: 0x0000000000000000, Narrow klass shift: 0, Narrow klass range: 0x0

GC Precious Log:
<Empty>

Heap:
 garbage-first heap   total 0K, used 0K [0x0000000700c00000, 0x0000000800000000)
  region size 2048K, 0 young (0K), 0 survivors (0K)

[error occurred during error reporting (printing heap information), id 0xc0000005, EXCEPTION_ACCESS_VIOLATION (0xc0000005) at pc=0x00007ff99ea4b889]

GC Heap History (0 events):
No events

Deoptimization events (0 events):
No events

Classes unloaded (0 events):
No events

Classes redefined (0 events):
No events

Internal exceptions (0 events):
No events

VM Operations (0 events):
No events

Events (1 events):
Event: 0.007 Loaded shared library C:\Program Files\Java\jdk-17.0.4\bin\java.dll


Dynamic libraries:
0x00007ff752d30000 - 0x00007ff752d40000 	C:\Program Files\Java\jdk-17.0.4\bin\java.exe
0x00007ff9e2f30000 - 0x00007ff9e3124000 	C:\Windows\SYSTEM32\ntdll.dll
0x00007ff9e20b0000 - 0x00007ff9e216d000 	C:\Windows\System32\KERNEL32.DLL
0x00007ff9e0860000 - 0x00007ff9e0b27000 	C:\Windows\System32\KERNELBASE.dll
0x00007ff9e0da0000 - 0x00007ff9e0ea0000 	C:\Windows\System32\ucrtbase.dll
0x00007ff9cb4f0000 - 0x00007ff9cb508000 	C:\Program Files\Java\jdk-17.0.4\bin\jli.dll
0x00007ff9cb000000 - 0x00007ff9cb01a000 	C:\Program Files\Java\jdk-17.0.4\bin\VCRUNTIME140.dll
0x00007ff9e1650000 - 0x00007ff9e16fa000 	C:\Windows\System32\ADVAPI32.dll
0x00007ff9e2850000 - 0x00007ff9e28ee000 	C:\Windows\System32\msvcrt.dll
0x00007ff9e1550000 - 0x00007ff9e15eb000 	C:\Windows\System32\sechost.dll
0x00007ff9e2c10000 - 0x00007ff9e2d33000 	C:\Windows\System32\RPCRT4.dll
0x00007ff9e2a70000 - 0x00007ff9e2c10000 	C:\Windows\System32\USER32.dll
0x00007ff9e0bb0000 - 0x00007ff9e0bd2000 	C:\Windows\System32\win32u.dll
0x00007ff9e2180000 - 0x00007ff9e21aa000 	C:\Windows\System32\GDI32.dll
0x00007ff9e0c90000 - 0x00007ff9e0d9a000 	C:\Windows\System32\gdi32full.dll
0x00007ff9e0ea0000 - 0x00007ff9e0f3d000 	C:\Windows\System32\msvcp_win.dll
0x00007ff9d3b50000 - 0x00007ff9d3dea000 	C:\Windows\WinSxS\amd64_microsoft.windows.common-controls_6595b64144ccf1df_6.0.19041.1_none_b555e41d4684ddec\COMCTL32.dll
0x00007ff9e0220000 - 0x00007ff9e022a000 	C:\Windows\SYSTEM32\VERSION.dll
0x00007ff9e24c0000 - 0x00007ff9e24f0000 	C:\Windows\System32\IMM32.DLL
0x00007ff9d6150000 - 0x00007ff9d615c000 	C:\Program Files\Java\jdk-17.0.4\bin\vcruntime140_1.dll
0x00007ff9b9550000 - 0x00007ff9b95dd000 	C:\Program Files\Java\jdk-17.0.4\bin\msvcp140.dll
0x00007ff99e380000 - 0x00007ff99ef42000 	C:\Program Files\Java\jdk-17.0.4\bin\server\jvm.dll
0x00007ff9e10d0000 - 0x00007ff9e10d8000 	C:\Windows\System32\PSAPI.DLL
0x00007ff9d3fb0000 - 0x00007ff9d3fd7000 	C:\Windows\SYSTEM32\WINMM.dll
0x00007ff9d0420000 - 0x00007ff9d0429000 	C:\Windows\SYSTEM32\WSOCK32.dll
0x00007ff9e2a00000 - 0x00007ff9e2a6b000 	C:\Windows\System32\WS2_32.dll
0x00007ff9de5c0000 - 0x00007ff9de5d3000 	C:\Windows\SYSTEM32\kernel.appcore.dll
0x00007ff9d6120000 - 0x00007ff9d612a000 	C:\Program Files\Java\jdk-17.0.4\bin\jimage.dll
0x00007ff9cf5d0000 - 0x00007ff9cf7b4000 	C:\Windows\SYSTEM32\DBGHELP.DLL
0x00007ff9cf5a0000 - 0x00007ff9cf5cc000 	C:\Windows\SYSTEM32\dbgcore.DLL
0x00007ff9e0b30000 - 0x00007ff9e0baf000 	C:\Windows\System32\bcryptPrimitives.dll
0x00007ff9cab20000 - 0x00007ff9cab45000 	C:\Program Files\Java\jdk-17.0.4\bin\java.dll

dbghelp: loaded successfully - version: 4.0.5 - missing functions: none
symbol engine: initialized successfully - sym options: 0x614 - pdb path: .;C:\Program Files\Java\jdk-17.0.4\bin;C:\Windows\SYSTEM32;C:\Windows\WinSxS\amd64_microsoft.windows.common-controls_6595b64144ccf1df_6.0.19041.1_none_b555e41d4684ddec;C:\Program Files\Java\jdk-17.0.4\bin\server

VM Arguments:
jvm_args: -Dfile.encoding=UTF-8 -Duser.country=RU -Duser.language=ru -Duser.variant 
java_command: Pomodoro.PomodoroGame
java_class_path (initial): C:\Projects\java\netology\build\classes\java\main;C:\Projects\java\netology\build\resources\main
Launcher Type: SUN_STANDARD

[Global flags]
     intx CICompilerCount                          = 3                                         {product} {ergonomic}
     uint ConcGCThreads                            = 1                                         {product} {ergonomic}
     uint G1ConcRefinementThreads                  = 4                                         {product} {ergonomic}
   size_t G1HeapRegionSize                         = 2097152                                   {product} {ergonomic}
    uintx GCDrainStackTargetSize                   = 64                                        {product} {ergonomic}
   size_t InitialHeapSize                          = 268435456                                 {product} {ergonomic}
   size_t MarkStackSize                            = 4194304                                   {product} {ergonomic}
   size_t MaxHeapSize                              = 4282384384                                {product} {ergonomic}
   size_t MinHeapDeltaBytes                        = 2097152                                   {product} {ergonomic}
   size_t MinHeapSize                              = 8388608                                   {product} {ergonomic}
    uintx NonNMethodCodeHeapSize                   = 5832780                                {pd product} {ergonomic}
    uintx NonProfiledCodeHeapSize                  = 122912730                              {pd product} {ergonomic}
    uintx ProfiledCodeHeapSize                     = 122912730                              {pd product} {ergonomic}
    uintx ReservedCodeCacheSize                    = 251658240                              {pd product} {ergonomic}
     bool SegmentedCodeCache                       = true                                      {product} {ergonomic}
   size_t SoftMaxHeapSize                          = 4282384384                             {manageable} {ergonomic}
     bool UseCompressedClassPointers               = true                           {product lp64_product} {ergonomic}
     bool UseCompressedOops                        = true                           {product lp64_product} {ergonomic}
     bool UseG1GC                                  = true                                      {product} {ergonomic}
     bool UseLargePagesIndividualAllocation        = false                                  {pd product} {ergonomic}

Logging:
Log output configuration:
 #0: stdout all=warning uptime,level,tags
 #1: stderr all=off uptime,level,tags

Environment Variables:
PATH=C:\Program Files\Common Files\Oracle\Java\javapath;C:\Program Files\Python310\Scripts\;C:\Program Files\Python310\;C:\Users\Администратор\AppData\Local\Programs\Python\Scripts\;C:\Users\Администратор\AppData\Local\Programs\Python\;C:\Program Files (x86)\Common Files\Oracle\Java\javapath;C:\Program Files (x86)\Intel\iCLS Client\;C:\Program Files\Intel\iCLS Client\;C:\Windows\system32;C:\Windows;C:\Windows\System32\Wbem;C:\Windows\System32\WindowsPowerShell\v1.0\;C:\Windows\System32\OpenSSH\;C:\Program Files (x86)\Intel\Intel(R) Management Engine Components\DAL;C:\Program Files\Intel\Intel(R) Management Engine Components\DAL;C:\Program Files (x86)\Intel\Intel(R) Management Engine Components\IPT;C:\Program Files\Intel\Intel(R) Management Engine Components\IPT;C:\Haxe4\haxe;C:\Haxe4\neko;C:\Program Files\Common Files\Autodesk Shared\;C:\Program Files\Microsoft SQL Server\120\Tools\Binn\;C:\Program Files (x86)\NVIDIA Corporation\PhysX\Common;C:\Program Files\PuTTY\;C:\Program Files\TortoiseGit\bin;C:\Program Files\Git\cmd;C:\Users\Администратор\AppData\Local\Microsoft\WindowsApps;C:\Program Files\VS_Code\bin;C:\Users\Администратор\AppData\Local\GitHubDesktop\bin;C:\Program Files\WinRAR;C:\Program Files\JetBrains\IntelliJ IDEA 2022.1.3\bin;;C:\Program Files\gradle\bin;
USERNAME=Администратор
OS=Windows_NT
PROCESSOR_IDENTIFIER=Intel64 Family 6 Model 58 Stepping 9, GenuineIntel



---------------  S Y S T E M  ---------------

OS:
 Windows 10 , 64 bit Build 19041 (10.0.19041.292)
OS uptime: 0 days 11:33 hours

CPU: total 4 (initial active 4) (4 cores per cpu, 1 threads per core) family 6 model 58 stepping 9 microcode 0x21, cx8, cmov, fxsr, mmx, sse, sse2, sse3, ssse3, sse4.1, sse4.2, popcnt, tsc, tscinvbit, avx, aes, erms, clmul, vzeroupper, clflush

Memory: 4k page, system-wide physical 16335M (2734M free)
TotalPageFile size 16335M (AvailPageFile size 49M)
current process WorkingSet (physical memory assigned to process): 10M, peak: 10M
current process commit charge ("private bytes"): 51M, peak: 307M

vm_info: Java HotSpot(TM) 64-Bit Server VM (17.0.4+11-LTS-179) for windows-amd64 JRE (17.0.4+11-LTS-179), built on Jun 28 2022 08:23:05 by "mach5one" with MS VC++ 16.8 / 16.9 (VS2019)

END.
